INFO 2025-11-06 17:34:56,138 - django.utils.autoreload: Watching for file changes with StatReloader (user: Anonymous)
WARNING 2025-11-06 17:35:13,845 - django.request: Unauthorized: /users/ (user: Anonymous)
WARNING 2025-11-06 17:35:13,847 - django.server: "GET /users/ HTTP/1.1" 401 58 (user: Anonymous)
INFO 2025-11-06 17:35:25,819 - django.server: "GET /api/token HTTP/1.1" 301 0 (user: Anonymous)
WARNING 2025-11-06 17:35:25,822 - django.request: Method Not Allowed: /api/token/ (user: Anonymous)
WARNING 2025-11-06 17:35:25,822 - django.server: "GET /api/token/ HTTP/1.1" 405 40 (user: Anonymous)
ERROR 2025-11-06 17:36:30,322 - django.request: Internal Server Error: /api/token (user: Anonymous)
Traceback (most recent call last):
  File "C:\Users\user\PycharmProjects\DjangoProject\.venv\Lib\site-packages\django\core\handlers\exception.py", line 55, in inner
    response = get_response(request)
               ^^^^^^^^^^^^^^^^^^^^^
  File "C:\Users\user\PycharmProjects\DjangoProject\.venv\Lib\site-packages\django\utils\deprecation.py", line 122, in __call__
    response = self.process_response(request, response)
               ^^^^^^^^^^^^^^^^^^^^^^^^^^^^^^^^^^^^^^^^
  File "C:\Users\user\PycharmProjects\DjangoProject\.venv\Lib\site-packages\django\middleware\common.py", line 108, in process_response
    return self.response_redirect_class(self.get_full_path_with_slash(request))
                                        ^^^^^^^^^^^^^^^^^^^^^^^^^^^^^^^^^^^^^^
  File "C:\Users\user\PycharmProjects\DjangoProject\.venv\Lib\site-packages\django\middleware\common.py", line 87, in get_full_path_with_slash
    raise RuntimeError(
RuntimeError: You called this URL via POST, but the URL doesn't end in a slash and you have APPEND_SLASH set. Django can't redirect to the slash URL while maintaining POST data. Change your form to point to 127.0.0.1:8000/api/token/ (note the trailing slash), or set APPEND_SLASH=False in your Django settings.
ERROR 2025-11-06 17:36:30,324 - django.server: "POST /api/token HTTP/1.1" 500 71612 (user: Anonymous)
INFO 2025-11-06 17:37:14,217 - django.server: "POST /api/token/ HTTP/1.1" 200 489 (user: Anonymous)
WARNING 2025-11-06 17:37:32,607 - django.request: Method Not Allowed: /users/ (user: Anonymous)
WARNING 2025-11-06 17:37:32,608 - django.server: "POST /users/ HTTP/1.1" 405 41 (user: Anonymous)
INFO 2025-11-06 17:37:37,572 - django.server: "GET /users/ HTTP/1.1" 200 60 (user: Anonymous)
WARNING 2025-11-06 17:37:47,734 - django.request: Method Not Allowed: /users/ (user: Anonymous)
WARNING 2025-11-06 17:37:47,735 - django.server: "POST /users/ HTTP/1.1" 405 41 (user: Anonymous)
INFO 2025-11-06 17:38:43,595 - django.utils.autoreload: C:\Users\user\PycharmProjects\DjangoProject\DjangoProject\urls.py changed, reloading. (user: Anonymous)
INFO 2025-11-06 17:38:44,260 - django.utils.autoreload: Watching for file changes with StatReloader (user: Anonymous)
INFO 2025-11-06 17:39:09,513 - django.utils.autoreload: Watching for file changes with StatReloader (user: Anonymous)
WARNING 2025-11-06 17:39:13,286 - django.request: Method Not Allowed: /users/ (user: Anonymous)
WARNING 2025-11-06 17:39:13,287 - django.server: "POST /users/ HTTP/1.1" 405 41 (user: Anonymous)
INFO 2025-11-06 17:40:17,895 - django.server: "GET /users/ HTTP/1.1" 200 60 (user: Anonymous)
INFO 2025-11-06 17:40:56,708 - django.utils.autoreload: C:\Users\user\PycharmProjects\DjangoProject\training_app\views.py changed, reloading. (user: Anonymous)
INFO 2025-11-06 17:40:57,225 - django.utils.autoreload: C:\Users\user\PycharmProjects\DjangoProject\training_app\views.py changed, reloading. (user: Anonymous)
INFO 2025-11-06 17:40:57,332 - django.utils.autoreload: Watching for file changes with StatReloader (user: Anonymous)
INFO 2025-11-06 17:40:57,976 - django.utils.autoreload: Watching for file changes with StatReloader (user: Anonymous)
INFO 2025-11-06 17:40:59,664 - django.utils.autoreload: C:\Users\user\PycharmProjects\DjangoProject\training_app\views.py changed, reloading. (user: Anonymous)
INFO 2025-11-06 17:40:59,775 - django.utils.autoreload: C:\Users\user\PycharmProjects\DjangoProject\training_app\views.py changed, reloading. (user: Anonymous)
INFO 2025-11-06 17:41:00,306 - django.utils.autoreload: Watching for file changes with StatReloader (user: Anonymous)
INFO 2025-11-06 17:41:00,462 - django.utils.autoreload: Watching for file changes with StatReloader (user: Anonymous)
INFO 2025-11-06 17:41:16,611 - django.utils.autoreload: C:\Users\user\PycharmProjects\DjangoProject\training_app\views.py changed, reloading. (user: Anonymous)
INFO 2025-11-06 17:41:16,743 - django.utils.autoreload: C:\Users\user\PycharmProjects\DjangoProject\training_app\views.py changed, reloading. (user: Anonymous)
INFO 2025-11-06 17:41:17,152 - django.utils.autoreload: Watching for file changes with StatReloader (user: Anonymous)
INFO 2025-11-06 17:41:17,317 - django.utils.autoreload: Watching for file changes with StatReloader (user: Anonymous)
INFO 2025-11-06 17:41:19,660 - django.utils.autoreload: C:\Users\user\PycharmProjects\DjangoProject\training_app\urls.py changed, reloading. (user: Anonymous)
INFO 2025-11-06 17:41:19,776 - django.utils.autoreload: C:\Users\user\PycharmProjects\DjangoProject\training_app\urls.py changed, reloading. (user: Anonymous)
INFO 2025-11-06 17:41:20,218 - django.utils.autoreload: Watching for file changes with StatReloader (user: Anonymous)
INFO 2025-11-06 17:41:20,344 - django.utils.autoreload: Watching for file changes with StatReloader (user: Anonymous)
INFO 2025-11-06 17:41:51,757 - django.utils.autoreload: C:\Users\user\PycharmProjects\DjangoProject\training_app\serializers.py changed, reloading. (user: Anonymous)
INFO 2025-11-06 17:41:51,997 - django.utils.autoreload: C:\Users\user\PycharmProjects\DjangoProject\training_app\serializers.py changed, reloading. (user: Anonymous)
INFO 2025-11-06 17:41:52,371 - django.utils.autoreload: Watching for file changes with StatReloader (user: Anonymous)
INFO 2025-11-06 17:41:52,521 - django.utils.autoreload: Watching for file changes with StatReloader (user: Anonymous)
INFO 2025-11-06 17:42:04,354 - django.utils.autoreload: C:\Users\user\PycharmProjects\DjangoProject\training_app\serializers.py changed, reloading. (user: Anonymous)
INFO 2025-11-06 17:42:04,473 - django.utils.autoreload: C:\Users\user\PycharmProjects\DjangoProject\training_app\serializers.py changed, reloading. (user: Anonymous)
INFO 2025-11-06 17:42:04,847 - django.utils.autoreload: Watching for file changes with StatReloader (user: Anonymous)
INFO 2025-11-06 17:42:04,964 - django.utils.autoreload: Watching for file changes with StatReloader (user: Anonymous)
INFO 2025-11-06 17:42:21,075 - django.utils.autoreload: C:\Users\user\PycharmProjects\DjangoProject\training_app\serializers.py changed, reloading. (user: Anonymous)
INFO 2025-11-06 17:42:21,149 - django.utils.autoreload: C:\Users\user\PycharmProjects\DjangoProject\training_app\serializers.py changed, reloading. (user: Anonymous)
INFO 2025-11-06 17:42:21,745 - django.utils.autoreload: Watching for file changes with StatReloader (user: Anonymous)
INFO 2025-11-06 17:42:21,885 - django.utils.autoreload: Watching for file changes with StatReloader (user: Anonymous)
INFO 2025-11-06 17:42:53,946 - django.utils.autoreload: Watching for file changes with StatReloader (user: Anonymous)
INFO 2025-11-06 17:42:58,298 - django.server: "GET /users/ HTTP/1.1" 200 41 (user: Anonymous)
INFO 2025-11-06 17:43:37,337 - django.utils.autoreload: C:\Users\user\PycharmProjects\DjangoProject\training_app\serializers.py changed, reloading. (user: Anonymous)
INFO 2025-11-06 17:43:37,857 - django.utils.autoreload: Watching for file changes with StatReloader (user: Anonymous)
INFO 2025-11-06 17:45:12,914 - django.utils.autoreload: C:\Users\user\PycharmProjects\DjangoProject\training_app\serializers.py changed, reloading. (user: Anonymous)
INFO 2025-11-06 17:45:13,646 - django.utils.autoreload: Watching for file changes with StatReloader (user: Anonymous)
INFO 2025-11-06 17:51:53,366 - django.utils.autoreload: C:\Users\user\PycharmProjects\DjangoProject\training_app\serializers.py changed, reloading. (user: Anonymous)
INFO 2025-11-06 17:51:53,925 - django.utils.autoreload: Watching for file changes with StatReloader (user: Anonymous)
INFO 2025-11-06 17:51:58,676 - django.utils.autoreload: C:\Users\user\PycharmProjects\DjangoProject\training_app\views.py changed, reloading. (user: Anonymous)
INFO 2025-11-06 17:51:59,273 - django.utils.autoreload: Watching for file changes with StatReloader (user: Anonymous)
INFO 2025-11-06 17:52:19,785 - django.utils.autoreload: C:\Users\user\PycharmProjects\DjangoProject\training_app\urls.py changed, reloading. (user: Anonymous)
INFO 2025-11-06 17:52:20,335 - django.utils.autoreload: Watching for file changes with StatReloader (user: Anonymous)
INFO 2025-11-06 17:52:27,511 - django.utils.autoreload: Watching for file changes with StatReloader (user: Anonymous)
INFO 2025-11-06 17:52:33,129 - django.server: "POST /api/token/ HTTP/1.1" 200 489 (user: Anonymous)
INFO 2025-11-06 17:52:44,323 - django.server: "GET /users/ HTTP/1.1" 200 699 (user: Anonymous)
INFO 2025-11-06 17:52:53,206 - django.server: "GET /users/ HTTP/1.1" 200 699 (user: Anonymous)
INFO 2025-11-06 17:53:06,440 - django.server: "GET /users/ HTTP/1.1" 200 699 (user: Anonymous)
INFO 2025-11-06 17:53:30,371 - django.server: "GET /users/ HTTP/1.1" 200 699 (user: Anonymous)
WARNING 2025-11-06 17:53:43,088 - django.request: Bad Request: /users/ (user: Anonymous)
WARNING 2025-11-06 17:53:43,089 - django.server: "POST /users/ HTTP/1.1" 400 44 (user: Anonymous)
INFO 2025-11-06 17:53:50,248 - django.server: "POST /users/ HTTP/1.1" 201 50 (user: Anonymous)
INFO 2025-11-06 17:53:54,983 - django.server: "GET /users/ HTTP/1.1" 200 750 (user: Anonymous)
